# --------------------------------------------------- // System
uwsm                                                   # A standalone Wayland session manager
pipewire                                               # audio/video server
pipewire-alsa                                          # pipewire alsa client
pipewire-audio                                         # pipewire audio client
pipewire-jack                                          # pipewire jack client
pipewire-pulse                                         # pipewire pulseaudio client
gst-plugin-pipewire                                    # pipewire gstreamer client
wireplumber                                            # pipewire session manager
pavucontrol                                            # pulseaudio volume control
pamixer                                                # pulseaudio cli mixer
networkmanager                                         # network manager
network-manager-applet                                 # network manager system tray utility
bluez                                                  # bluetooth protocol stack
bluez-utils                                            # bluetooth utility cli
blueman                                                # bluetooth manager gui
brightnessctl                                          # screen brightness control
playerctl                                              # media controls
udiskie                                                # manage removable media

# --------------------------------------------------- // Display Manager
sddm                                                   # display manager for KDE plasma
qt5-quickcontrols                                      # for sddm theme ui elements
qt5-quickcontrols2                                     # for sddm theme ui elements
qt5-graphicaleffects                                   # for sddm theme effects

# --------------------------------------------------- // Window Manager
hyprland                                               # wlroots-based wayland compositor
dunst                                                  # notification daemon
rofi                                                   # application launcher
waybar                                                 # system bar
swww                                                   # wallpaper
hyprlock                                               # lock screen
wlogout                                                # logout menu
grim                                                   # screenshot tool
hyprpicker                                             # color picker
slurp                                                  # region select for screenshot/screenshare
satty                                                  # Modern Screenshot Annotation
cliphist                                               # clipboard manager
wl-clip-persist                                        # Keep Wayland clipboard even after programs close (avoids crashes)
hyprsunset                                             # blue light filter

# --------------------------------------------------- // Dependencies
polkit-gnome                                           # authentication agent
xdg-desktop-portal-hyprland                            # xdg desktop portal for hyprland
xdg-desktop-portal-gtk                                 # file picker and dbus  integration
xdg-user-dirs                                          # Manage user directories like ~/Desktop and ~/Music
pacman-contrib                                         # for system update check
parallel                                               # for parallel processing
jq                                                     # for json processing
imagemagick                                            # for image processing
qt6-multimedia-ffmpeg                                  # for idk
qt5-imageformats                                       # for dolphin image thumbnails
ffmpegthumbs                                           # for dolphin video thumbnails
kde-cli-tools                                          # for dolphin file type defaults
libnotify                                              # for notifications
noto-fonts                                             # fonts
noto-fonts-emoji                                       # emoji font

# --------------------------------------------------- // Theming
nwg-look                                               # gtk configuration tool
qt5ct                                                  # qt5 configuration tool
qt6ct                                                  # qt6 configuration tool
kvantum                                                # svg based qt6 theme engine
kvantum-qt5                                            # svg based qt5 theme engine
qt5-wayland                                            # wayland support in qt5
qt6-wayland                                            # wayland support in qt6

# --------------------------------------------------- // Applications
firefox                                                # browser
kitty                                                  # terminal
dolphin                                                # kde file manager
ark                                                    # kde file archiver
unzip                                                  # extracting zip files
vim                                                    # terminal text editor
code                                                   # ide text editor
nwg-displays                                           # monitor management utility
fzf                                                    # Command-line fuzzy finder

# --------------------------------------------------- // Shell
starship|zsh                                           # customizable shell prompt written in Rust
# starship-git                                         # The cross-shell prompt for astronauts
eza|fish                                               # file lister for fish
starship|fish                                          # customizable shell prompt
duf|fish                                               # prettier version of df for fish
fastfetch                                              # system information fetch tool

# --------------------------------------------------- // HyDE
hypridle                                               # idle daemon


# --------------------------------------------------- // My Preference
openssh                                                 # remote access
sshfs                                                   # for remote filesystem
btop                                                    # performance monitoring
bat                                                     # enhanced version of cat
eza                                                     # file lister for zsh
duf                                                     # prettier version of df for zsh
ncdu                                                    # disk usage monitoring
wget                                                    # downloading stuff

opera                                                   # fav browser
brave                                                   # save & private browser
vesktop                                                 # for comms
steam                                                   # for games
lutris                                                  # for games

docker                                                  # virtualization
postman-bin                                             # for api testing
# beekeeper-studio                                        # for database viewer
neovim                                                  # good editor
obs-studio                                              # screen recorder
gimp                                                    # for drawing things
inkscape                                                # for vector art